#
# There is insufficient memory for the Java Runtime Environment to continue.
# Native memory allocation (malloc) failed to allocate 1048576 bytes for AllocateHeap
# Possible reasons:
#   The system is out of physical RAM or swap space
#   The process is running with CompressedOops enabled, and the Java Heap may be blocking the growth of the native heap
# Possible solutions:
#   Reduce memory load on the system
#   Increase physical memory or swap space
#   Check if swap backing store is full
#   Decrease Java heap size (-Xmx/-Xms)
#   Decrease number of Java threads
#   Decrease Java thread stack sizes (-Xss)
#   Set larger code cache with -XX:ReservedCodeCacheSize=
#   JVM is running with Unscaled Compressed Oops mode in which the Java heap is
#     placed in the first 4GB address space. The Java Heap base address is the
#     maximum limit for the native heap growth. Please use -XX:HeapBaseMinAddress
#     to set the Java Heap base and to place the Java Heap above 4GB virtual address.
# This output file may be truncated or incomplete.
#
#  Out of Memory Error (memory/allocation.inline.hpp:61), pid=9760, tid=0x0000000000001c50
#
# JRE version:  (8.0_371) (build )
# Java VM: Java HotSpot(TM) 64-Bit Server VM (25.371-b11 mixed mode windows-amd64 compressed oops)
# Failed to write core dump. Minidumps are not enabled by default on client versions of Windows
#

---------------  T H R E A D  ---------------

Current thread (0x0000017d0cb9f000):  JavaThread "Unknown thread" [_thread_in_vm, id=7248, stack(0x0000000100400000,0x0000000100500000)]

Stack: [0x0000000100400000,0x0000000100500000]
Native frames: (J=compiled Java code, j=interpreted, Vv=VM code, C=native code)
V  [jvm.dll+0x34d9f9]
V  [jvm.dll+0x28aa12]
V  [jvm.dll+0x28b5dd]
V  [jvm.dll+0x281da5]
V  [jvm.dll+0x500d]
V  [jvm.dll+0x3eabcd]
V  [jvm.dll+0x3eb957]
V  [jvm.dll+0x3e7737]
V  [jvm.dll+0x103bdf]
V  [jvm.dll+0x2181fb]
V  [jvm.dll+0x24900a]
V  [jvm.dll+0x16a6e6]
C  [cyvrtrap.dll+0xde93]
C  [java.exe+0x2412]
C  [java.exe+0x165e0]
C  [cyinjct.dll+0x11e7]
C  [KERNEL32.DLL+0x17614]
C  [ntdll.dll+0x526b1]


---------------  P R O C E S S  ---------------

Java Threads: ( => current thread )

Other Threads:

=>0x0000017d0cb9f000 (exited) JavaThread "Unknown thread" [_thread_in_vm, id=7248, stack(0x0000000100400000,0x0000000100500000)]

VM state:not at safepoint (normal execution)

VM Mutex/Monitor currently owned by a thread: None

heap address: 0x0000000090400000, size: 1788 MB, Compressed Oops mode: 32-bit
Narrow klass base: 0x0000017d21e70000, Narrow klass shift: 0
Compressed class space size: 1073741824 Address: 0x0000017d21e70000

Heap:
 PSYoungGen      total 33280K, used 573K [0x00000000dac00000, 0x00000000dd100000, 0x0000000100000000)
  eden space 28672K, 2% used [0x00000000dac00000,0x00000000dac8f5d0,0x00000000dc800000)
  from space 4608K, 0% used [0x00000000dcc80000,0x00000000dcc80000,0x00000000dd100000)
  to   space 4608K, 0% used [0x00000000dc800000,0x00000000dc800000,0x00000000dcc80000)
 ParOldGen       total 76800K, used 0K [0x0000000090400000, 0x0000000094f00000, 0x00000000dac00000)
  object space 76800K, 0% used [0x0000000090400000,0x0000000090400000,0x0000000094f00000)
 Metaspace       used 775K, capacity 4480K, committed 4480K, reserved 1056768K
  class space    used 76K, capacity 384K, committed 384K, reserved 1048576K

Card table byte_map: [0x0000017d1dd30000,0x0000017d1e0b0000] byte_map_base: 0x0000017d1d8ae000

Marking Bits: (ParMarkBitMap*) 0x000000006053d980
 Begin Bits: [0x0000017d1e310000, 0x0000017d1ff00000)
 End Bits:   [0x0000017d1ff00000, 0x0000017d21af0000)

Polling page: 0x0000017d0ccb0000

CodeCache: size=245760Kb used=328Kb max_used=328Kb free=245431Kb
 bounds [0x0000017d0e970000, 0x0000017d0ebe0000, 0x0000017d1d970000]
 total_blobs=57 nmethods=0 adapters=38
 compilation: enabled

Compilation events (0 events):
No events

GC Heap History (0 events):
No events

Deoptimization events (0 events):
No events

Classes redefined (0 events):
No events

Internal exceptions (0 events):
No events

Events (10 events):
Event: 0.035 loading class java/lang/Short
Event: 0.035 loading class java/lang/Short done
Event: 0.035 loading class java/lang/Integer
Event: 0.035 loading class java/lang/Integer done
Event: 0.035 loading class java/lang/Long
Event: 0.036 loading class java/lang/Long done
Event: 0.036 loading class java/lang/NullPointerException
Event: 0.036 loading class java/lang/NullPointerException done
Event: 0.036 loading class java/lang/ArithmeticException
Event: 0.036 loading class java/lang/ArithmeticException done


Dynamic libraries:
0x00007ff634700000 - 0x00007ff63474a000 	C:\Program Files\Java\jdk-1.8\bin\java.exe
0x00007fff74790000 - 0x00007fff74988000 	C:\WINDOWS\SYSTEM32\ntdll.dll
0x00007fff744f0000 - 0x00007fff745af000 	C:\WINDOWS\System32\KERNEL32.DLL
0x00007fff741f0000 - 0x00007fff744e6000 	C:\WINDOWS\System32\KERNELBASE.dll
0x00000000776b0000 - 0x00000000776eb000 	C:\WINDOWS\System32\cyinjct.dll
0x00007fff74070000 - 0x00007fff7407c000 	C:\WINDOWS\System32\ntnativeapi.dll
0x00007fff74050000 - 0x00007fff7406e000 	C:\WINDOWS\System32\cyvera.dll
0x00007fff73fe0000 - 0x00007fff74048000 	C:\WINDOWS\System32\cyvrtrap.dll
0x00007fff734e0000 - 0x00007fff7358f000 	C:\WINDOWS\System32\ADVAPI32.dll
0x00007fff72dd0000 - 0x00007fff72e6e000 	C:\WINDOWS\System32\msvcrt.dll
0x00007fff72d20000 - 0x00007fff72dbc000 	C:\WINDOWS\System32\sechost.dll
0x00007fff740c0000 - 0x00007fff741e6000 	C:\WINDOWS\System32\RPCRT4.dll
0x00007fff745b0000 - 0x00007fff7474d000 	C:\WINDOWS\System32\USER32.dll
0x00007fff72030000 - 0x00007fff72052000 	C:\WINDOWS\System32\win32u.dll
0x00007fff725b0000 - 0x00007fff725dc000 	C:\WINDOWS\System32\GDI32.dll
0x00007fff71d50000 - 0x00007fff71e65000 	C:\WINDOWS\System32\gdi32full.dll
0x00007fff721f0000 - 0x00007fff7228d000 	C:\WINDOWS\System32\msvcp_win.dll
0x00007fff71f30000 - 0x00007fff72030000 	C:\WINDOWS\System32\ucrtbase.dll
0x00007fff68330000 - 0x00007fff685ca000 	C:\WINDOWS\WinSxS\amd64_microsoft.windows.common-controls_6595b64144ccf1df_6.0.19041.1110_none_60b5254171f9507e\COMCTL32.dll
0x00007fff72c90000 - 0x00007fff72cc0000 	C:\WINDOWS\System32\IMM32.DLL
0x00007fff483c0000 - 0x00007fff483db000 	C:\Program Files\Java\jdk-1.8\jre\bin\vcruntime140.dll
0x00007fff49d20000 - 0x00007fff49d2c000 	C:\Program Files\Java\jdk-1.8\jre\bin\vcruntime140_1.dll
0x00007fff29570000 - 0x00007fff295fe000 	C:\Program Files\Java\jdk-1.8\jre\bin\msvcp140.dll
0x000000005fd10000 - 0x00000000605b7000 	C:\Program Files\Java\jdk-1.8\jre\bin\server\jvm.dll
0x00007fff73ce0000 - 0x00007fff73ce8000 	C:\WINDOWS\System32\PSAPI.DLL
0x00007fff58810000 - 0x00007fff58819000 	C:\WINDOWS\SYSTEM32\WSOCK32.dll
0x00007fff72e70000 - 0x00007fff72edb000 	C:\WINDOWS\System32\WS2_32.dll
0x00007fff6a1f0000 - 0x00007fff6a217000 	C:\WINDOWS\SYSTEM32\WINMM.dll
0x00007fff6c5d0000 - 0x00007fff6c5da000 	C:\WINDOWS\SYSTEM32\VERSION.dll
0x00007fff6fc10000 - 0x00007fff6fc22000 	C:\WINDOWS\SYSTEM32\kernel.appcore.dll
0x00007fff6d210000 - 0x00007fff6d220000 	C:\Program Files\Java\jdk-1.8\jre\bin\verify.dll
0x00007fff298f0000 - 0x00007fff2991b000 	C:\Program Files\Java\jdk-1.8\jre\bin\java.dll
0x00007fff73fa0000 - 0x00007fff73fd7000 	C:\Program Files\Palo Alto Networks\Traps\cyjagent.dll
0x00007fff298d0000 - 0x00007fff298e8000 	C:\Program Files\Java\jdk-1.8\jre\bin\zip.dll
0x00007fff627f0000 - 0x00007fff629d4000 	C:\WINDOWS\SYSTEM32\dbghelp.dll
0x00007fff72340000 - 0x00007fff723c2000 	C:\WINDOWS\System32\bcryptPrimitives.dll

VM Arguments:
jvm_args: -agentpath:C:\Program Files\Palo Alto Networks\Traps\cyjagent.dll 
java_command: com.senac.cadastropessoa.CadastroPessoa
java_class_path (initial): C:\Users\Aluno\Documents\NetBeansProjects\CadastroPessoa\target\classes
Launcher Type: SUN_STANDARD

Environment Variables:
JAVA_HOME=C:\Program Files\Java\jdk-1.8
PATH=C:\Program Files\Common Files\Oracle\Java\javapath;C:\Program Files (x86)\Common Files\Oracle\Java\javapath;C:\WINDOWS\system32;C:\WINDOWS;C:\WINDOWS\System32\Wbem;C:\WINDOWS\System32\WindowsPowerShell\v1.0\;C:\WINDOWS\System32\OpenSSH\;C:\Program Files\dotnet\;C:\Program Files\Microsoft SQL Server\130\Tools\Binn\;C:\Program Files\Microsoft SQL Server\Client SDK\ODBC\170\Tools\Binn\;C:\Program Files\nodejs\;C:\Users\Aluno\AppData\Local\Programs\Python\Python310\Scripts\;C:\Users\Aluno\AppData\Local\Programs\Python\Python310\;C:\Users\Aluno\AppData\Local\Microsoft\WindowsApps;C:\Users\Aluno\AppData\Local\Programs\Microsoft VS Code\bin;C:\Users\Aluno\.dotnet\tools;C:\Users\Aluno\AppData\Local\Programs\Git\cmd;C:\Users\Aluno\AppData\Roaming\npm
USERNAME=Aluno
OS=Windows_NT
PROCESSOR_IDENTIFIER=AMD64 Family 21 Model 48 Stepping 1, AuthenticAMD



---------------  S Y S T E M  ---------------

OS: Windows 10 , 64 bit Build 19041 (10.0.19041.3155)

CPU:total 4 (initial active 4) (4 cores per cpu, 1 threads per core) family 21 model 48 stepping 1, cmov, cx8, fxsr, mmx, sse, sse2, sse3, ssse3, sse4.1, sse4.2, popcnt, avx, aes, clmul, mmxext, 3dnowpref, lzcnt, sse4a, tsc, tscinvbit, tscinv, bmi1

Memory: 4k page, physical 7321416k(1839632k free), swap 7321416k(6036k free)

vm_info: Java HotSpot(TM) 64-Bit Server VM (25.371-b11) for windows-amd64 JRE (1.8.0_371-b11), built on Mar 17 2023 04:03:45 by "java_re" with MS VC++ 17.1 (VS2022)

time: Thu Aug 31 21:06:54 2023
timezone: Hora oficial do Brasil
elapsed time: 0.195099 seconds (0d 0h 0m 0s)

