#
# There is insufficient memory for the Java Runtime Environment to continue.
# Native memory allocation (malloc) failed to allocate 32744 bytes for ChunkPool::allocate
# Possible reasons:
#   The system is out of physical RAM or swap space
#   The process is running with CompressedOops enabled, and the Java Heap may be blocking the growth of the native heap
# Possible solutions:
#   Reduce memory load on the system
#   Increase physical memory or swap space
#   Check if swap backing store is full
#   Decrease Java heap size (-Xmx/-Xms)
#   Decrease number of Java threads
#   Decrease Java thread stack sizes (-Xss)
#   Set larger code cache with -XX:ReservedCodeCacheSize=
#   JVM is running with Unscaled Compressed Oops mode in which the Java heap is
#     placed in the first 4GB address space. The Java Heap base address is the
#     maximum limit for the native heap growth. Please use -XX:HeapBaseMinAddress
#     to set the Java Heap base and to place the Java Heap above 4GB virtual address.
# This output file may be truncated or incomplete.
#
#  Out of Memory Error (allocation.cpp:272), pid=3184, tid=0x0000000000002df4
#
# JRE version: Java(TM) SE Runtime Environment (8.0_371) (build 1.8.0_371-b11)
# Java VM: Java HotSpot(TM) 64-Bit Server VM (25.371-b11 mixed mode windows-amd64 compressed oops)
# Failed to write core dump. Minidumps are not enabled by default on client versions of Windows
#

---------------  T H R E A D  ---------------

Current thread (0x000002395a44b000):  JavaThread "C1 CompilerThread2" daemon [_thread_in_native, id=11764, stack(0x000000b88dd00000,0x000000b88de00000)]

Stack: [0x000000b88dd00000,0x000000b88de00000]
Native frames: (J=compiled Java code, j=interpreted, Vv=VM code, C=native code)
V  [jvm.dll+0x34d9f9]


Current CompileTask:
C1:   3117 1577       3       sun.net.www.ParseUtil::encodePath (336 bytes)


---------------  P R O C E S S  ---------------

Java Threads: ( => current thread )
  0x000002395a4c6800 JavaThread "Service Thread" daemon [_thread_blocked, id=10520, stack(0x000000b88de00000,0x000000b88df00000)]
=>0x000002395a44b000 JavaThread "C1 CompilerThread2" daemon [_thread_in_native, id=11764, stack(0x000000b88dd00000,0x000000b88de00000)]
  0x000002395a445800 JavaThread "C2 CompilerThread1" daemon [_thread_in_native, id=7416, stack(0x000000b88dc00000,0x000000b88dd00000)]
  0x000002395a443800 JavaThread "C2 CompilerThread0" daemon [_thread_in_native, id=4100, stack(0x000000b88db00000,0x000000b88dc00000)]
  0x000002395a43b000 JavaThread "Attach Listener" daemon [_thread_blocked, id=10092, stack(0x000000b88da00000,0x000000b88db00000)]
  0x000002395a438800 JavaThread "Signal Dispatcher" daemon [_thread_blocked, id=11768, stack(0x000000b88d900000,0x000000b88da00000)]
  0x000002395a410000 JavaThread "Finalizer" daemon [_thread_blocked, id=3856, stack(0x000000b88d800000,0x000000b88d900000)]
  0x000002395a405000 JavaThread "Reference Handler" daemon [_thread_blocked, id=6136, stack(0x000000b88d700000,0x000000b88d800000)]
  0x00000239448c7800 JavaThread "main" [_thread_in_vm, id=10000, stack(0x000000b88d100000,0x000000b88d200000)]

Other Threads:
  0x000002395a3db800 VMThread [stack: 0x000000b88d600000,0x000000b88d700000] [id=6540]
  0x000002395a4dc800 WatcherThread [stack: 0x000000b88df00000,0x000000b88e000000] [id=2304]

VM state:not at safepoint (normal execution)

VM Mutex/Monitor currently owned by a thread: None

heap address: 0x0000000090400000, size: 1788 MB, Compressed Oops mode: 32-bit
Narrow klass base: 0x0000000000000000, Narrow klass shift: 3
Compressed class space size: 1073741824 Address: 0x0000000100000000

Heap:
 PSYoungGen      total 33280K, used 27865K [0x00000000dac00000, 0x00000000dd100000, 0x0000000100000000)
  eden space 28672K, 81% used [0x00000000dac00000,0x00000000dc2b97b8,0x00000000dc800000)
  from space 4608K, 99% used [0x00000000dcc80000,0x00000000dd0fce60,0x00000000dd100000)
  to   space 4608K, 0% used [0x00000000dc800000,0x00000000dc800000,0x00000000dcc80000)
 ParOldGen       total 76800K, used 2253K [0x0000000090400000, 0x0000000094f00000, 0x00000000dac00000)
  object space 76800K, 2% used [0x0000000090400000,0x0000000090633470,0x0000000094f00000)
 Metaspace       used 14188K, capacity 14414K, committed 14720K, reserved 1062912K
  class space    used 1764K, capacity 1846K, committed 1920K, reserved 1048576K

Card table byte_map: [0x00000239558f0000,0x0000023955c70000] byte_map_base: 0x000002395546e000

Marking Bits: (ParMarkBitMap*) 0x000000006053d980
 Begin Bits: [0x0000023955ed0000, 0x0000023957ac0000)
 End Bits:   [0x0000023957ac0000, 0x00000239596b0000)

Polling page: 0x00000239449a0000

CodeCache: size=245760Kb used=5435Kb max_used=5446Kb free=240324Kb
 bounds [0x0000023946530000, 0x0000023946a90000, 0x0000023955530000]
 total_blobs=1907 nmethods=1574 adapters=246
 compilation: enabled

Compilation events (10 events):
Event: 3.005 Thread 0x000002395a44b000 1573       3       java.util.LinkedHashMap::<init> (16 bytes)
Event: 3.005 Thread 0x000002395a443800 1574       4       org.eclipse.sisu.inject.InjectorBindings::isAssignableFrom (28 bytes)
Event: 3.005 Thread 0x000002395a44b000 nmethod 1573 0x0000023946a81a50 code [0x0000023946a81bc0, 0x0000023946a81f10]
Event: 3.005 Thread 0x000002395a44b000 1572       3       java.util.LinkedHashMap$LinkedEntryIterator::next (5 bytes)
Event: 3.005 Thread 0x000002395a44b000 nmethod 1572 0x0000023946a7c250 code [0x0000023946a7c3c0, 0x0000023946a7c5d0]
Event: 3.010 Thread 0x000002395a443800 nmethod 1574 0x0000023946a85010 code [0x0000023946a851c0, 0x0000023946a85540]
Event: 3.010 Thread 0x000002395a443800 1575       4       org.eclipse.sisu.inject.TypeArguments::isAssignableFrom (158 bytes)
Event: 3.013 Thread 0x000002395a443800 nmethod 1575 0x0000023946a85b90 code [0x0000023946a85ce0, 0x0000023946a85df8]
Event: 3.083 Thread 0x000002395a443800 1576   !   4       java.util.zip.ZipFile$ZipFileInputStream::close (110 bytes)
Event: 3.085 Thread 0x000002395a44b000 1577       3       sun.net.www.ParseUtil::encodePath (336 bytes)

GC Heap History (4 events):
Event: 1.618 GC heap before
{Heap before GC invocations=1 (full 0):
 PSYoungGen      total 33280K, used 28672K [0x00000000dac00000, 0x00000000dd100000, 0x0000000100000000)
  eden space 28672K, 100% used [0x00000000dac00000,0x00000000dc800000,0x00000000dc800000)
  from space 4608K, 0% used [0x00000000dcc80000,0x00000000dcc80000,0x00000000dd100000)
  to   space 4608K, 0% used [0x00000000dc800000,0x00000000dc800000,0x00000000dcc80000)
 ParOldGen       total 76800K, used 0K [0x0000000090400000, 0x0000000094f00000, 0x00000000dac00000)
  object space 76800K, 0% used [0x0000000090400000,0x0000000090400000,0x0000000094f00000)
 Metaspace       used 8017K, capacity 8188K, committed 8320K, reserved 1056768K
  class space    used 973K, capacity 1048K, committed 1152K, reserved 1048576K
Event: 1.633 GC heap after
Heap after GC invocations=1 (full 0):
 PSYoungGen      total 33280K, used 4576K [0x00000000dac00000, 0x00000000dd100000, 0x0000000100000000)
  eden space 28672K, 0% used [0x00000000dac00000,0x00000000dac00000,0x00000000dc800000)
  from space 4608K, 99% used [0x00000000dc800000,0x00000000dcc782f0,0x00000000dcc80000)
  to   space 4608K, 0% used [0x00000000dcc80000,0x00000000dcc80000,0x00000000dd100000)
 ParOldGen       total 76800K, used 384K [0x0000000090400000, 0x0000000094f00000, 0x00000000dac00000)
  object space 76800K, 0% used [0x0000000090400000,0x00000000904600a8,0x0000000094f00000)
 Metaspace       used 8017K, capacity 8188K, committed 8320K, reserved 1056768K
  class space    used 973K, capacity 1048K, committed 1152K, reserved 1048576K
}
Event: 2.276 GC heap before
{Heap before GC invocations=2 (full 0):
 PSYoungGen      total 33280K, used 33248K [0x00000000dac00000, 0x00000000dd100000, 0x0000000100000000)
  eden space 28672K, 100% used [0x00000000dac00000,0x00000000dc800000,0x00000000dc800000)
  from space 4608K, 99% used [0x00000000dc800000,0x00000000dcc782f0,0x00000000dcc80000)
  to   space 4608K, 0% used [0x00000000dcc80000,0x00000000dcc80000,0x00000000dd100000)
 ParOldGen       total 76800K, used 384K [0x0000000090400000, 0x0000000094f00000, 0x00000000dac00000)
  object space 76800K, 0% used [0x0000000090400000,0x00000000904600a8,0x0000000094f00000)
 Metaspace       used 10941K, capacity 11122K, committed 11264K, reserved 1058816K
  class space    used 1346K, capacity 1446K, committed 1536K, reserved 1048576K
Event: 2.286 GC heap after
Heap after GC invocations=2 (full 0):
 PSYoungGen      total 33280K, used 4595K [0x00000000dac00000, 0x00000000dd100000, 0x0000000100000000)
  eden space 28672K, 0% used [0x00000000dac00000,0x00000000dac00000,0x00000000dc800000)
  from space 4608K, 99% used [0x00000000dcc80000,0x00000000dd0fce60,0x00000000dd100000)
  to   space 4608K, 0% used [0x00000000dc800000,0x00000000dc800000,0x00000000dcc80000)
 ParOldGen       total 76800K, used 2253K [0x0000000090400000, 0x0000000094f00000, 0x00000000dac00000)
  object space 76800K, 2% used [0x0000000090400000,0x0000000090633470,0x0000000094f00000)
 Metaspace       used 10941K, capacity 11122K, committed 11264K, reserved 1058816K
  class space    used 1346K, capacity 1446K, committed 1536K, reserved 1048576K
}

Deoptimization events (10 events):
Event: 0.893 Thread 0x00000239448c7800 Uncommon trap: reason=unstable_if action=reinterpret pc=0x0000023946706a90 method=java.lang.String.indexOf([CII[CIII)I @ 3
Event: 1.499 Thread 0x00000239448c7800 Uncommon trap: reason=unstable_if action=reinterpret pc=0x00000239467dd7fc method=org.codehaus.plexus.util.xml.pull.MXParser.nextImpl()I @ 200
Event: 1.600 Thread 0x00000239448c7800 Uncommon trap: reason=unstable_if action=reinterpret pc=0x00000239468076c0 method=org.codehaus.plexus.util.xml.pull.MXParser.nextImpl()I @ 241
Event: 1.970 Thread 0x00000239448c7800 Uncommon trap: reason=unstable_if action=reinterpret pc=0x000002394674b440 method=sun.misc.MetaIndex.mayContain(Ljava/lang/String;)Z @ 38
Event: 2.625 Thread 0x00000239448c7800 Uncommon trap: reason=predicate action=maybe_recompile pc=0x000002394678ffcc method=sun.net.www.ParseUtil.encodePath(Ljava/lang/String;Z)Ljava/lang/String; @ 36
Event: 2.817 Thread 0x00000239448c7800 Uncommon trap: reason=unstable_if action=reinterpret pc=0x00000239467e4330 method=sun.nio.cs.StreamDecoder.implRead([CII)I @ 36
Event: 2.818 Thread 0x00000239448c7800 Uncommon trap: reason=unstable_if action=reinterpret pc=0x00000239467ed7e4 method=sun.nio.cs.StreamDecoder.implRead([CII)I @ 36
Event: 2.871 Thread 0x00000239448c7800 Uncommon trap: reason=bimorphic action=maybe_recompile pc=0x0000023946a74f68 method=java.net.URL.<init>(Ljava/net/URL;Ljava/lang/String;Ljava/net/URLStreamHandler;)V @ 504
Event: 2.873 Thread 0x00000239448c7800 Uncommon trap: reason=bimorphic action=maybe_recompile pc=0x0000023946a74f68 method=java.net.URL.<init>(Ljava/net/URL;Ljava/lang/String;Ljava/net/URLStreamHandler;)V @ 504
Event: 3.082 Thread 0x00000239448c7800 Uncommon trap: reason=unstable_if action=reinterpret pc=0x00000239469dd5f4 method=sun.net.www.ParseUtil.encodePath(Ljava/lang/String;Z)Ljava/lang/String; @ 109

Classes redefined (0 events):
No events

Internal exceptions (10 events):
Event: 0.447 Thread 0x00000239448c7800 Exception <a 'java/lang/NullPointerException'> (0x00000000daf937d8) thrown at [C:\jenkins\workspace\8-2-build-windows-x64-cygwin\jdk8u371\3355\hotspot\src\share\vm\interpreter\linkResolver.cpp, line 1185]
Event: 1.234 Thread 0x00000239448c7800 Exception <a 'java/lang/NoClassDefFoundError': javax/enterprise/inject/Typed> (0x00000000dbe84668) thrown at [C:\jenkins\workspace\8-2-build-windows-x64-cygwin\jdk8u371\3355\hotspot\src\share\vm\classfile\systemDictionary.cpp, line 201]
Event: 2.625 Thread 0x00000239448c7800 Exception <a 'java/lang/NoClassDefFoundError': com/google/inject/servlet/ServletModuleTargetVisitor> (0x00000000db98ecf8) thrown at [C:\jenkins\workspace\8-2-build-windows-x64-cygwin\jdk8u371\3355\hotspot\src\share\vm\classfile\systemDictionary.cpp, line 
Event: 2.625 Thread 0x00000239448c7800 Exception <a 'java/lang/NoClassDefFoundError'> (0x00000000db98ecf8) thrown at [C:\jenkins\workspace\8-2-build-windows-x64-cygwin\jdk8u371\3355\hotspot\src\share\vm\prims\jvm.cpp, line 1517]
Event: 2.875 Thread 0x00000239448c7800 Exception <a 'java/lang/NullPointerException'> (0x00000000dc0cf550) thrown at [C:\jenkins\workspace\8-2-build-windows-x64-cygwin\jdk8u371\3355\hotspot\src\share\vm\interpreter\linkResolver.cpp, line 1185]
Event: 2.875 Thread 0x00000239448c7800 Exception <a 'java/lang/NullPointerException'> (0x00000000dc0cf758) thrown at [C:\jenkins\workspace\8-2-build-windows-x64-cygwin\jdk8u371\3355\hotspot\src\share\vm\interpreter\linkResolver.cpp, line 1185]
Event: 2.876 Thread 0x00000239448c7800 Exception <a 'java/lang/NullPointerException'> (0x00000000dc0cf960) thrown at [C:\jenkins\workspace\8-2-build-windows-x64-cygwin\jdk8u371\3355\hotspot\src\share\vm\interpreter\linkResolver.cpp, line 1185]
Event: 2.876 Thread 0x00000239448c7800 Exception <a 'java/lang/NullPointerException'> (0x00000000dc0d6b80) thrown at [C:\jenkins\workspace\8-2-build-windows-x64-cygwin\jdk8u371\3355\hotspot\src\share\vm\interpreter\linkResolver.cpp, line 1185]
Event: 2.876 Thread 0x00000239448c7800 Exception <a 'java/lang/NullPointerException'> (0x00000000dc0d6d88) thrown at [C:\jenkins\workspace\8-2-build-windows-x64-cygwin\jdk8u371\3355\hotspot\src\share\vm\interpreter\linkResolver.cpp, line 1185]
Event: 2.876 Thread 0x00000239448c7800 Exception <a 'java/lang/NullPointerException'> (0x00000000dc0d6f90) thrown at [C:\jenkins\workspace\8-2-build-windows-x64-cygwin\jdk8u371\3355\hotspot\src\share\vm\interpreter\linkResolver.cpp, line 1185]

Events (10 events):
Event: 3.076 loading class org/apache/maven/model/interpolation/MavenBuildTimestamp done
Event: 3.078 loading class sun/util/resources/pt/CalendarData_pt
Event: 3.078 loading class sun/util/resources/pt/CalendarData_pt done
Event: 3.082 Thread 0x00000239448c7800 Uncommon trap: trap_request=0xffffff65 fr.pc=0x00000239469dd5f4
Event: 3.082 Thread 0x00000239448c7800 DEOPT PACKING pc=0x00000239469dd5f4 sp=0x000000b88d1fb380
Event: 3.082 Thread 0x00000239448c7800 DEOPT UNPACKING pc=0x00000239465758c3 sp=0x000000b88d1fb320 mode 2
Event: 3.083 loading class sun/util/resources/pt/CalendarData_pt_BR
Event: 3.083 loading class sun/util/resources/pt/CalendarData_pt_BR done
Event: 3.085 loading class sun/text/resources/pt/FormatData_pt
Event: 3.085 loading class sun/text/resources/pt/FormatData_pt done


Dynamic libraries:
0x00007ff634700000 - 0x00007ff63474a000 	C:\Program Files\Java\jdk-1.8\bin\java.exe
0x00007fff74790000 - 0x00007fff74988000 	C:\WINDOWS\SYSTEM32\ntdll.dll
0x00007fff744f0000 - 0x00007fff745af000 	C:\WINDOWS\System32\KERNEL32.DLL
0x00007fff741f0000 - 0x00007fff744e6000 	C:\WINDOWS\System32\KERNELBASE.dll
0x0000000057d20000 - 0x0000000057d5b000 	C:\WINDOWS\System32\cyinjct.dll
0x00007fff74070000 - 0x00007fff7407c000 	C:\WINDOWS\System32\ntnativeapi.dll
0x00007fff74050000 - 0x00007fff7406e000 	C:\WINDOWS\System32\cyvera.dll
0x00007fff73fe0000 - 0x00007fff74048000 	C:\WINDOWS\System32\cyvrtrap.dll
0x00007fff734e0000 - 0x00007fff7358f000 	C:\WINDOWS\System32\ADVAPI32.dll
0x00007fff72dd0000 - 0x00007fff72e6e000 	C:\WINDOWS\System32\msvcrt.dll
0x00007fff72d20000 - 0x00007fff72dbc000 	C:\WINDOWS\System32\sechost.dll
0x00007fff740c0000 - 0x00007fff741e6000 	C:\WINDOWS\System32\RPCRT4.dll
0x00007fff745b0000 - 0x00007fff7474d000 	C:\WINDOWS\System32\USER32.dll
0x00007fff72030000 - 0x00007fff72052000 	C:\WINDOWS\System32\win32u.dll
0x00007fff725b0000 - 0x00007fff725dc000 	C:\WINDOWS\System32\GDI32.dll
0x00007fff71d50000 - 0x00007fff71e65000 	C:\WINDOWS\System32\gdi32full.dll
0x00007fff721f0000 - 0x00007fff7228d000 	C:\WINDOWS\System32\msvcp_win.dll
0x00007fff71f30000 - 0x00007fff72030000 	C:\WINDOWS\System32\ucrtbase.dll
0x00007fff68330000 - 0x00007fff685ca000 	C:\WINDOWS\WinSxS\amd64_microsoft.windows.common-controls_6595b64144ccf1df_6.0.19041.1110_none_60b5254171f9507e\COMCTL32.dll
0x00007fff72c90000 - 0x00007fff72cc0000 	C:\WINDOWS\System32\IMM32.DLL
0x00007fff6aa30000 - 0x00007fff6aa4b000 	C:\Program Files\Java\jdk-1.8\jre\bin\vcruntime140.dll
0x00007fff6adb0000 - 0x00007fff6adbc000 	C:\Program Files\Java\jdk-1.8\jre\bin\vcruntime140_1.dll
0x00007fff48cd0000 - 0x00007fff48d5e000 	C:\Program Files\Java\jdk-1.8\jre\bin\msvcp140.dll
0x000000005fd10000 - 0x00000000605b7000 	C:\Program Files\Java\jdk-1.8\jre\bin\server\jvm.dll
0x00007fff73ce0000 - 0x00007fff73ce8000 	C:\WINDOWS\System32\PSAPI.DLL
0x00007fff58810000 - 0x00007fff58819000 	C:\WINDOWS\SYSTEM32\WSOCK32.dll
0x00007fff72e70000 - 0x00007fff72edb000 	C:\WINDOWS\System32\WS2_32.dll
0x00007fff6a1f0000 - 0x00007fff6a217000 	C:\WINDOWS\SYSTEM32\WINMM.dll
0x00007fff6c5d0000 - 0x00007fff6c5da000 	C:\WINDOWS\SYSTEM32\VERSION.dll
0x00007fff6fc10000 - 0x00007fff6fc22000 	C:\WINDOWS\SYSTEM32\kernel.appcore.dll
0x00007fff6c8a0000 - 0x00007fff6c8b0000 	C:\Program Files\Java\jdk-1.8\jre\bin\verify.dll
0x00007fff4c6f0000 - 0x00007fff4c71b000 	C:\Program Files\Java\jdk-1.8\jre\bin\java.dll
0x00007fff73fa0000 - 0x00007fff73fd7000 	C:\Program Files\Palo Alto Networks\Traps\cyjagent.dll
0x00007fff54380000 - 0x00007fff54398000 	C:\Program Files\Java\jdk-1.8\jre\bin\zip.dll
0x00007fff73590000 - 0x00007fff73cd4000 	C:\WINDOWS\System32\SHELL32.dll
0x00007fff6fe10000 - 0x00007fff705a3000 	C:\WINDOWS\SYSTEM32\windows.storage.dll
0x00007fff72920000 - 0x00007fff72c74000 	C:\WINDOWS\System32\combase.dll
0x00007fff716c0000 - 0x00007fff716ee000 	C:\WINDOWS\SYSTEM32\Wldp.dll
0x00007fff726c0000 - 0x00007fff7276d000 	C:\WINDOWS\System32\SHCORE.dll
0x00007fff72cc0000 - 0x00007fff72d15000 	C:\WINDOWS\System32\shlwapi.dll
0x00007fff71c80000 - 0x00007fff71ca5000 	C:\WINDOWS\SYSTEM32\profapi.dll
0x0000000069ac0000 - 0x0000000069ae4000 	C:\Program Files\NetBeans-17\netbeans\java\maven\lib\jansi-native\Windows\x86_64\jansi.dll
0x00007fff72340000 - 0x00007fff723c2000 	C:\WINDOWS\System32\bcryptPrimitives.dll

VM Arguments:
jvm_args: -Dclassworlds.conf=C:\Program Files\NetBeans-17\netbeans\java\maven\bin\m2.conf -Dmaven.home=C:\Program Files\NetBeans-17\netbeans\java\maven -Dlibrary.jansi.path=C:\Program Files\NetBeans-17\netbeans\java\maven\lib\jansi-native -Dmaven.multiModuleProjectDirectory=C:\Users\Aluno\Documents\NetBeansProjects\CadastroPessoa -agentpath:C:\Program Files\Palo Alto Networks\Traps\cyjagent.dll 
java_command: org.codehaus.plexus.classworlds.launcher.Launcher -Dexec.vmArgs= -Dexec.args=${exec.vmArgs} -classpath %classpath ${exec.mainClass} ${exec.appArgs} -Dexec.appArgs= -Dexec.mainClass=com.senac.cadastropessoa.CadastroPessoa -Dexec.executable=C:\Program Files\Java\jdk-1.8\bin\java.exe -Dmaven.ext.class.path=C:\Program Files\NetBeans-17\netbeans\java\maven-nblib\netbeans-eventspy.jar -Dfile.encoding=UTF-8 --no-transfer-progress org.codehaus.mojo:exec-maven-plugin:3.1.0:exec
java_class_path (initial): C:\Program Files\NetBeans-17\netbeans\java\maven\boot\plexus-classworlds-2.6.0.jar
Launcher Type: SUN_STANDARD

Environment Variables:
JAVA_HOME=C:\Program Files\Java\jdk-1.8
PATH=C:\Program Files\Common Files\Oracle\Java\javapath;C:\Program Files (x86)\Common Files\Oracle\Java\javapath;C:\WINDOWS\system32;C:\WINDOWS;C:\WINDOWS\System32\Wbem;C:\WINDOWS\System32\WindowsPowerShell\v1.0\;C:\WINDOWS\System32\OpenSSH\;C:\Program Files\dotnet\;C:\Program Files\Microsoft SQL Server\130\Tools\Binn\;C:\Program Files\Microsoft SQL Server\Client SDK\ODBC\170\Tools\Binn\;C:\Program Files\nodejs\;C:\Users\Aluno\AppData\Local\Programs\Python\Python310\Scripts\;C:\Users\Aluno\AppData\Local\Programs\Python\Python310\;C:\Users\Aluno\AppData\Local\Microsoft\WindowsApps;C:\Users\Aluno\AppData\Local\Programs\Microsoft VS Code\bin;C:\Users\Aluno\.dotnet\tools;C:\Users\Aluno\AppData\Local\Programs\Git\cmd;C:\Users\Aluno\AppData\Roaming\npm
USERNAME=Aluno
OS=Windows_NT
PROCESSOR_IDENTIFIER=AMD64 Family 21 Model 48 Stepping 1, AuthenticAMD



---------------  S Y S T E M  ---------------

OS: Windows 10 , 64 bit Build 19041 (10.0.19041.3155)

CPU:total 4 (initial active 4) (4 cores per cpu, 1 threads per core) family 21 model 48 stepping 1, cmov, cx8, fxsr, mmx, sse, sse2, sse3, ssse3, sse4.1, sse4.2, popcnt, avx, aes, clmul, mmxext, 3dnowpref, lzcnt, sse4a, tsc, tscinvbit, tscinv, bmi1

Memory: 4k page, physical 7321416k(1833216k free), swap 7321416k(4084k free)

vm_info: Java HotSpot(TM) 64-Bit Server VM (25.371-b11) for windows-amd64 JRE (1.8.0_371-b11), built on Mar 17 2023 04:03:45 by "java_re" with MS VC++ 17.1 (VS2022)

time: Thu Aug 31 21:09:10 2023
timezone: Hora oficial do Brasil
elapsed time: 3.171587 seconds (0d 0h 0m 3s)

