#
# There is insufficient memory for the Java Runtime Environment to continue.
# Native memory allocation (malloc) failed to allocate 1048576 bytes for AllocateHeap
# Possible reasons:
#   The system is out of physical RAM or swap space
#   The process is running with CompressedOops enabled, and the Java Heap may be blocking the growth of the native heap
# Possible solutions:
#   Reduce memory load on the system
#   Increase physical memory or swap space
#   Check if swap backing store is full
#   Decrease Java heap size (-Xmx/-Xms)
#   Decrease number of Java threads
#   Decrease Java thread stack sizes (-Xss)
#   Set larger code cache with -XX:ReservedCodeCacheSize=
#   JVM is running with Unscaled Compressed Oops mode in which the Java heap is
#     placed in the first 4GB address space. The Java Heap base address is the
#     maximum limit for the native heap growth. Please use -XX:HeapBaseMinAddress
#     to set the Java Heap base and to place the Java Heap above 4GB virtual address.
# This output file may be truncated or incomplete.
#
#  Out of Memory Error (memory/allocation.inline.hpp:61), pid=12988, tid=0x0000000000003354
#
# JRE version:  (8.0_371) (build )
# Java VM: Java HotSpot(TM) 64-Bit Server VM (25.371-b11 mixed mode windows-amd64 compressed oops)
# Failed to write core dump. Minidumps are not enabled by default on client versions of Windows
#

---------------  T H R E A D  ---------------

Current thread (0x0000022f833e4800):  JavaThread "Unknown thread" [_thread_in_vm, id=13140, stack(0x0000006e01b00000,0x0000006e01c00000)]

Stack: [0x0000006e01b00000,0x0000006e01c00000]
Native frames: (J=compiled Java code, j=interpreted, Vv=VM code, C=native code)
V  [jvm.dll+0x34d9f9]
V  [jvm.dll+0x28aa12]
V  [jvm.dll+0x28b5dd]
V  [jvm.dll+0x281da5]
V  [jvm.dll+0x500d]
V  [jvm.dll+0x3eb57c]
V  [jvm.dll+0x3e7737]
V  [jvm.dll+0x103bdf]
V  [jvm.dll+0x2181fb]
V  [jvm.dll+0x24900a]
V  [jvm.dll+0x16a6e6]
C  [cyvrtrap.dll+0xde93]
C  [java.exe+0x2412]
C  [java.exe+0x165e0]
C  [cyinjct.dll+0x11e7]
C  [KERNEL32.DLL+0x17344]
C  [ntdll.dll+0x526b1]


---------------  P R O C E S S  ---------------

Java Threads: ( => current thread )

Other Threads:

=>0x0000022f833e4800 (exited) JavaThread "Unknown thread" [_thread_in_vm, id=13140, stack(0x0000006e01b00000,0x0000006e01c00000)]

VM state:not at safepoint (normal execution)

VM Mutex/Monitor currently owned by a thread: None

heap address: 0x0000000090400000, size: 1788 MB, Compressed Oops mode: 32-bit
Narrow klass base: 0x0000000000000000, Narrow klass shift: 3
Compressed class space size: 1073741824 Address: 0x0000000100000000

Heap:
 PSYoungGen      total 33280K, used 573K [0x00000000dac00000, 0x00000000dd100000, 0x0000000100000000)
  eden space 28672K, 2% used [0x00000000dac00000,0x00000000dac8f5d0,0x00000000dc800000)
  from space 4608K, 0% used [0x00000000dcc80000,0x00000000dcc80000,0x00000000dd100000)
  to   space 4608K, 0% used [0x00000000dc800000,0x00000000dc800000,0x00000000dcc80000)
 ParOldGen       total 76800K, used 0K [0x0000000090400000, 0x0000000094f00000, 0x00000000dac00000)
  object space 76800K, 0% used [0x0000000090400000,0x0000000090400000,0x0000000094f00000)
 Metaspace       used 775K, capacity 4480K, committed 4480K, reserved 1056768K
  class space    used 76K, capacity 384K, committed 384K, reserved 1048576K

Card table byte_map: [0x0000022f94590000,0x0000022f94910000] byte_map_base: 0x0000022f9410e000

Marking Bits: (ParMarkBitMap*) 0x00000000670ad980
 Begin Bits: [0x0000022f94b70000, 0x0000022f96760000)
 End Bits:   [0x0000022f96760000, 0x0000022f98350000)

Polling page: 0x0000022f83300000

CodeCache: size=245760Kb used=328Kb max_used=328Kb free=245431Kb
 bounds [0x0000022f851d0000, 0x0000022f85440000, 0x0000022f941d0000]
 total_blobs=57 nmethods=0 adapters=38
 compilation: enabled

Compilation events (0 events):
No events

GC Heap History (0 events):
No events

Deoptimization events (0 events):
No events

Classes redefined (0 events):
No events

Internal exceptions (0 events):
No events

Events (10 events):
Event: 0.040 loading class java/lang/Short
Event: 0.040 loading class java/lang/Short done
Event: 0.040 loading class java/lang/Integer
Event: 0.040 loading class java/lang/Integer done
Event: 0.040 loading class java/lang/Long
Event: 0.040 loading class java/lang/Long done
Event: 0.041 loading class java/lang/NullPointerException
Event: 0.041 loading class java/lang/NullPointerException done
Event: 0.041 loading class java/lang/ArithmeticException
Event: 0.041 loading class java/lang/ArithmeticException done


Dynamic libraries:
0x00007ff6dbe90000 - 0x00007ff6dbeda000 	C:\Program Files\Java\jdk-1.8\bin\java.exe
0x00007ffa16310000 - 0x00007ffa16508000 	C:\WINDOWS\SYSTEM32\ntdll.dll
0x00007ffa16070000 - 0x00007ffa1612d000 	C:\WINDOWS\System32\KERNEL32.DLL
0x00007ffa15d70000 - 0x00007ffa16066000 	C:\WINDOWS\System32\KERNELBASE.dll
0x00000000033b0000 - 0x00000000033eb000 	C:\WINDOWS\System32\cyinjct.dll
0x00007ffa15bf0000 - 0x00007ffa15bfc000 	C:\WINDOWS\System32\ntnativeapi.dll
0x00007ffa15bd0000 - 0x00007ffa15bee000 	C:\WINDOWS\System32\cyvera.dll
0x00007ffa15b60000 - 0x00007ffa15bc8000 	C:\WINDOWS\System32\cyvrtrap.dll
0x00007ffa15390000 - 0x00007ffa1543e000 	C:\WINDOWS\System32\ADVAPI32.dll
0x00007ffa152d0000 - 0x00007ffa1536e000 	C:\WINDOWS\System32\msvcrt.dll
0x00007ffa15660000 - 0x00007ffa156fc000 	C:\WINDOWS\System32\sechost.dll
0x00007ffa15c40000 - 0x00007ffa15d66000 	C:\WINDOWS\System32\RPCRT4.dll
0x00007ffa16130000 - 0x00007ffa162ce000 	C:\WINDOWS\System32\USER32.dll
0x00007ffa13b80000 - 0x00007ffa13ba2000 	C:\WINDOWS\System32\win32u.dll
0x00007ffa15630000 - 0x00007ffa1565c000 	C:\WINDOWS\System32\GDI32.dll
0x00007ffa13a30000 - 0x00007ffa13b4a000 	C:\WINDOWS\System32\gdi32full.dll
0x00007ffa13d00000 - 0x00007ffa13d9d000 	C:\WINDOWS\System32\msvcp_win.dll
0x00007ffa13e50000 - 0x00007ffa13f50000 	C:\WINDOWS\System32\ucrtbase.dll
0x00007ffa08560000 - 0x00007ffa087fa000 	C:\WINDOWS\WinSxS\amd64_microsoft.windows.common-controls_6595b64144ccf1df_6.0.19041.1110_none_60b5254171f9507e\COMCTL32.dll
0x00007ffa148b0000 - 0x00007ffa148e0000 	C:\WINDOWS\System32\IMM32.DLL
0x00007ff9f4930000 - 0x00007ff9f494b000 	C:\Program Files\Java\jdk-1.8\jre\bin\vcruntime140.dll
0x00007ffa0a0a0000 - 0x00007ffa0a0ac000 	C:\Program Files\Java\jdk-1.8\jre\bin\vcruntime140_1.dll
0x00007ff9cac20000 - 0x00007ff9cacae000 	C:\Program Files\Java\jdk-1.8\jre\bin\msvcp140.dll
0x0000000066880000 - 0x0000000067127000 	C:\Program Files\Java\jdk-1.8\jre\bin\server\jvm.dll
0x00007ffa13f50000 - 0x00007ffa13f58000 	C:\WINDOWS\System32\PSAPI.DLL
0x00007ff9ff280000 - 0x00007ff9ff289000 	C:\WINDOWS\SYSTEM32\WSOCK32.dll
0x00007ffa149d0000 - 0x00007ffa14a3b000 	C:\WINDOWS\System32\WS2_32.dll
0x00007ffa089b0000 - 0x00007ffa089d7000 	C:\WINDOWS\SYSTEM32\WINMM.dll
0x00007ffa0e340000 - 0x00007ffa0e34a000 	C:\WINDOWS\SYSTEM32\VERSION.dll
0x00007ffa11780000 - 0x00007ffa11792000 	C:\WINDOWS\SYSTEM32\kernel.appcore.dll
0x00007ffa09310000 - 0x00007ffa09320000 	C:\Program Files\Java\jdk-1.8\jre\bin\verify.dll
0x00007ff9dfa50000 - 0x00007ff9dfa7b000 	C:\Program Files\Java\jdk-1.8\jre\bin\java.dll
0x00007ffa15b20000 - 0x00007ffa15b57000 	C:\Program Files\Palo Alto Networks\Traps\cyjagent.dll
0x00007ff9ee6d0000 - 0x00007ff9ee6e8000 	C:\Program Files\Java\jdk-1.8\jre\bin\zip.dll
0x00007ffa00200000 - 0x00007ffa003e4000 	C:\WINDOWS\SYSTEM32\dbghelp.dll
0x00007ffa13bb0000 - 0x00007ffa13c32000 	C:\WINDOWS\System32\bcryptPrimitives.dll

VM Arguments:
jvm_args: -agentpath:C:\Program Files\Palo Alto Networks\Traps\cyjagent.dll 
java_command: com.senac.sistemaprodutos.SistemaProdutos
java_class_path (initial): C:\Users\Aluno\Documents\NetBeansProjects\SistemaProdutos\target\classes
Launcher Type: SUN_STANDARD

Environment Variables:
JAVA_HOME=C:\Program Files\Java\jdk-1.8
PATH=C:\Program Files\Common Files\Oracle\Java\javapath;C:\Program Files (x86)\Common Files\Oracle\Java\javapath;C:\WINDOWS\system32;C:\WINDOWS;C:\WINDOWS\System32\Wbem;C:\WINDOWS\System32\WindowsPowerShell\v1.0\;C:\WINDOWS\System32\OpenSSH\;C:\Program Files\dotnet\;C:\Program Files\Microsoft SQL Server\130\Tools\Binn\;C:\Program Files\Microsoft SQL Server\Client SDK\ODBC\170\Tools\Binn\;C:\Program Files\nodejs\;C:\Users\Aluno\AppData\Local\Programs\Python\Python310\Scripts\;C:\Users\Aluno\AppData\Local\Programs\Python\Python310\;C:\Users\Aluno\AppData\Local\Microsoft\WindowsApps;C:\Users\Aluno\AppData\Local\Programs\Microsoft VS Code\bin;C:\Users\Aluno\.dotnet\tools;C:\Users\Aluno\AppData\Local\Programs\Git\cmd;C:\Users\Aluno\AppData\Roaming\npm
USERNAME=Aluno
OS=Windows_NT
PROCESSOR_IDENTIFIER=AMD64 Family 21 Model 48 Stepping 1, AuthenticAMD



---------------  S Y S T E M  ---------------

OS: Windows 10 , 64 bit Build 19041 (10.0.19041.3393)

CPU:total 4 (initial active 4) (4 cores per cpu, 1 threads per core) family 21 model 48 stepping 1, cmov, cx8, fxsr, mmx, sse, sse2, sse3, ssse3, sse4.1, sse4.2, popcnt, avx, aes, clmul, mmxext, 3dnowpref, lzcnt, sse4a, tsc, tscinvbit, tscinv, bmi1

Memory: 4k page, physical 7321416k(2183404k free), swap 7321416k(11812k free)

vm_info: Java HotSpot(TM) 64-Bit Server VM (25.371-b11) for windows-amd64 JRE (1.8.0_371-b11), built on Mar 17 2023 04:03:45 by "java_re" with MS VC++ 17.1 (VS2022)

time: Tue Sep 26 21:08:58 2023
timezone: Hora oficial do Brasil
elapsed time: 0.195425 seconds (0d 0h 0m 0s)

