#
# There is insufficient memory for the Java Runtime Environment to continue.
# Native memory allocation (malloc) failed to allocate 1048576 bytes for AllocateHeap
# Possible reasons:
#   The system is out of physical RAM or swap space
#   The process is running with CompressedOops enabled, and the Java Heap may be blocking the growth of the native heap
# Possible solutions:
#   Reduce memory load on the system
#   Increase physical memory or swap space
#   Check if swap backing store is full
#   Decrease Java heap size (-Xmx/-Xms)
#   Decrease number of Java threads
#   Decrease Java thread stack sizes (-Xss)
#   Set larger code cache with -XX:ReservedCodeCacheSize=
#   JVM is running with Unscaled Compressed Oops mode in which the Java heap is
#     placed in the first 4GB address space. The Java Heap base address is the
#     maximum limit for the native heap growth. Please use -XX:HeapBaseMinAddress
#     to set the Java Heap base and to place the Java Heap above 4GB virtual address.
# This output file may be truncated or incomplete.
#
#  Out of Memory Error (memory/allocation.inline.hpp:61), pid=12020, tid=0x0000000000001fe8
#
# JRE version:  (8.0_371) (build )
# Java VM: Java HotSpot(TM) 64-Bit Server VM (25.371-b11 mixed mode windows-amd64 compressed oops)
# Failed to write core dump. Minidumps are not enabled by default on client versions of Windows
#

---------------  T H R E A D  ---------------

Current thread (0x000001ffbd580800):  JavaThread "Unknown thread" [_thread_in_vm, id=8168, stack(0x00000012c3900000,0x00000012c3a00000)]

Stack: [0x00000012c3900000,0x00000012c3a00000]
Native frames: (J=compiled Java code, j=interpreted, Vv=VM code, C=native code)
V  [jvm.dll+0x34d9f9]
V  [jvm.dll+0x28aa12]
V  [jvm.dll+0x28b5dd]
V  [jvm.dll+0x281da5]
V  [jvm.dll+0x500d]
V  [jvm.dll+0x3eb57c]
V  [jvm.dll+0x3e7737]
V  [jvm.dll+0x103bdf]
V  [jvm.dll+0x2181fb]
V  [jvm.dll+0x24900a]
V  [jvm.dll+0x16a6e6]
C  [cyvrtrap.dll+0xde93]


---------------  P R O C E S S  ---------------

Java Threads: ( => current thread )

Other Threads:

=>0x000001ffbd580800 (exited) JavaThread "Unknown thread" [_thread_in_vm, id=8168, stack(0x00000012c3900000,0x00000012c3a00000)]

VM state:not at safepoint (normal execution)

VM Mutex/Monitor currently owned by a thread: None

heap address: 0x0000000090400000, size: 1788 MB, Compressed Oops mode: 32-bit
Narrow klass base: 0x0000000000000000, Narrow klass shift: 3
Compressed class space size: 1073741824 Address: 0x0000000100000000

Heap:
 PSYoungGen      total 33280K, used 573K [0x00000000dac00000, 0x00000000dd100000, 0x0000000100000000)
  eden space 28672K, 2% used [0x00000000dac00000,0x00000000dac8f5d0,0x00000000dc800000)
  from space 4608K, 0% used [0x00000000dcc80000,0x00000000dcc80000,0x00000000dd100000)
  to   space 4608K, 0% used [0x00000000dc800000,0x00000000dc800000,0x00000000dcc80000)
 ParOldGen       total 76800K, used 0K [0x0000000090400000, 0x0000000094f00000, 0x00000000dac00000)
  object space 76800K, 0% used [0x0000000090400000,0x0000000090400000,0x0000000094f00000)
 Metaspace       used 775K, capacity 4480K, committed 4480K, reserved 1056768K
  class space    used 76K, capacity 384K, committed 384K, reserved 1048576K

Card table byte_map: [0x000001ffce750000,0x000001ffcead0000] byte_map_base: 0x000001ffce2ce000

Marking Bits: (ParMarkBitMap*) 0x000000006502d980
 Begin Bits: [0x000001ffced30000, 0x000001ffd0920000)
 End Bits:   [0x000001ffd0920000, 0x000001ffd2510000)

Polling page: 0x000001ffbd4c0000

CodeCache: size=245760Kb used=328Kb max_used=328Kb free=245431Kb
 bounds [0x000001ffbf390000, 0x000001ffbf600000, 0x000001ffce390000]
 total_blobs=57 nmethods=0 adapters=38
 compilation: enabled

Compilation events (0 events):
No events

GC Heap History (0 events):
No events

Deoptimization events (0 events):
No events

Classes redefined (0 events):
No events

Internal exceptions (0 events):
No events

Events (10 events):
Event: 0.049 loading class java/lang/Short
Event: 0.049 loading class java/lang/Short done
Event: 0.049 loading class java/lang/Integer
Event: 0.049 loading class java/lang/Integer done
Event: 0.049 loading class java/lang/Long
Event: 0.049 loading class java/lang/Long done
Event: 0.054 loading class java/lang/NullPointerException
Event: 0.055 loading class java/lang/NullPointerException done
Event: 0.055 loading class java/lang/ArithmeticException
Event: 0.055 loading class java/lang/ArithmeticException done


Dynamic libraries:
0x00007ff726d70000 - 0x00007ff726dba000 	C:\Program Files\Java\jdk-1.8\bin\java.exe
0x00007ffbf80b0000 - 0x00007ffbf82a8000 	C:\WINDOWS\SYSTEM32\ntdll.dll
0x00007ffbf7e10000 - 0x00007ffbf7ecd000 	C:\WINDOWS\System32\KERNEL32.DLL
0x00007ffbf7b10000 - 0x00007ffbf7e06000 	C:\WINDOWS\System32\KERNELBASE.dll
0x000000000a740000 - 0x000000000a77b000 	C:\WINDOWS\System32\cyinjct.dll
0x00007ffbf7990000 - 0x00007ffbf799c000 	C:\WINDOWS\System32\ntnativeapi.dll
0x00007ffbf7970000 - 0x00007ffbf798e000 	C:\WINDOWS\System32\cyvera.dll
0x00007ffbf7900000 - 0x00007ffbf7968000 	C:\WINDOWS\System32\cyvrtrap.dll
0x00007ffbf6f30000 - 0x00007ffbf6fde000 	C:\WINDOWS\System32\ADVAPI32.dll
0x00007ffbf7060000 - 0x00007ffbf70fe000 	C:\WINDOWS\System32\msvcrt.dll
0x00007ffbf72e0000 - 0x00007ffbf737c000 	C:\WINDOWS\System32\sechost.dll
0x00007ffbf79e0000 - 0x00007ffbf7b06000 	C:\WINDOWS\System32\RPCRT4.dll
0x00007ffbf7ed0000 - 0x00007ffbf806e000 	C:\WINDOWS\System32\USER32.dll
0x00007ffbf56e0000 - 0x00007ffbf5702000 	C:\WINDOWS\System32\win32u.dll
0x00007ffbf72b0000 - 0x00007ffbf72dc000 	C:\WINDOWS\System32\GDI32.dll
0x00007ffbf5970000 - 0x00007ffbf5a8a000 	C:\WINDOWS\System32\gdi32full.dll
0x00007ffbf5c50000 - 0x00007ffbf5ced000 	C:\WINDOWS\System32\msvcp_win.dll
0x00007ffbf5a90000 - 0x00007ffbf5b90000 	C:\WINDOWS\System32\ucrtbase.dll
0x00007ffbeb530000 - 0x00007ffbeb7ca000 	C:\WINDOWS\WinSxS\amd64_microsoft.windows.common-controls_6595b64144ccf1df_6.0.19041.1110_none_60b5254171f9507e\COMCTL32.dll
0x00007ffbf61c0000 - 0x00007ffbf61f0000 	C:\WINDOWS\System32\IMM32.DLL
0x00007ffbcc380000 - 0x00007ffbcc39b000 	C:\Program Files\Java\jdk-1.8\jre\bin\vcruntime140.dll
0x00007ffbdb820000 - 0x00007ffbdb82c000 	C:\Program Files\Java\jdk-1.8\jre\bin\vcruntime140_1.dll
0x00007ffbc06c0000 - 0x00007ffbc074e000 	C:\Program Files\Java\jdk-1.8\jre\bin\msvcp140.dll
0x0000000064800000 - 0x00000000650a7000 	C:\Program Files\Java\jdk-1.8\jre\bin\server\jvm.dll
0x00007ffbf6d80000 - 0x00007ffbf6d88000 	C:\WINDOWS\System32\PSAPI.DLL
0x00007ffbe2d80000 - 0x00007ffbe2d89000 	C:\WINDOWS\SYSTEM32\WSOCK32.dll
0x00007ffbf7850000 - 0x00007ffbf78bb000 	C:\WINDOWS\System32\WS2_32.dll
0x00007ffbebbe0000 - 0x00007ffbebc07000 	C:\WINDOWS\SYSTEM32\WINMM.dll
0x00007ffbf02e0000 - 0x00007ffbf02ea000 	C:\WINDOWS\SYSTEM32\VERSION.dll
0x00007ffbf3520000 - 0x00007ffbf3532000 	C:\WINDOWS\SYSTEM32\kernel.appcore.dll
0x00007ffbdf5f0000 - 0x00007ffbdf600000 	C:\Program Files\Java\jdk-1.8\jre\bin\verify.dll
0x00007ffbcaf50000 - 0x00007ffbcaf7b000 	C:\Program Files\Java\jdk-1.8\jre\bin\java.dll
0x00007ffbf78c0000 - 0x00007ffbf78f7000 	C:\Program Files\Palo Alto Networks\Traps\cyjagent.dll
0x00007ffbcaf30000 - 0x00007ffbcaf48000 	C:\Program Files\Java\jdk-1.8\jre\bin\zip.dll
0x00007ffbe2500000 - 0x00007ffbe26e4000 	C:\WINDOWS\SYSTEM32\dbghelp.dll
0x00007ffbf5bc0000 - 0x00007ffbf5c42000 	C:\WINDOWS\System32\bcryptPrimitives.dll

VM Arguments:
jvm_args: -Dclassworlds.conf=C:\Program Files\NetBeans-17\netbeans\java\maven\bin\m2.conf -Dmaven.home=C:\Program Files\NetBeans-17\netbeans\java\maven -Dlibrary.jansi.path=C:\Program Files\NetBeans-17\netbeans\java\maven\lib\jansi-native -Dmaven.multiModuleProjectDirectory=C:\Users\Aluno\Documents\aulasCursos\Aulas-Java-SENAC\SistemaProdutos -agentpath:C:\Program Files\Palo Alto Networks\Traps\cyjagent.dll 
java_command: org.codehaus.plexus.classworlds.launcher.Launcher -Dexec.vmArgs= -Dexec.args=${exec.vmArgs} -classpath %classpath ${exec.mainClass} ${exec.appArgs} -Dexec.executable=C:\Program Files\Java\jdk-1.8\bin\java.exe -Dexec.mainClass=com.senac.sistemaprodutos.SistemaProdutos -Dexec.classpathScope=runtime -Dexec.appArgs= -Dmaven.ext.class.path=C:\Program Files\NetBeans-17\netbeans\java\maven-nblib\netbeans-eventspy.jar -Dfile.encoding=UTF-8 --no-transfer-progress org.codehaus.mojo:exec-maven-plugin:3.1.0:exec
java_class_path (initial): C:\Program Files\NetBeans-17\netbeans\java\maven\boot\plexus-classworlds-2.6.0.jar
Launcher Type: SUN_STANDARD

Environment Variables:
JAVA_HOME=C:\Program Files\Java\jdk-1.8
PATH=C:\Program Files\Common Files\Oracle\Java\javapath;C:\Program Files (x86)\Common Files\Oracle\Java\javapath;C:\WINDOWS\system32;C:\WINDOWS;C:\WINDOWS\System32\Wbem;C:\WINDOWS\System32\WindowsPowerShell\v1.0\;C:\WINDOWS\System32\OpenSSH\;C:\Program Files\dotnet\;C:\Program Files\Microsoft SQL Server\130\Tools\Binn\;C:\Program Files\Microsoft SQL Server\Client SDK\ODBC\170\Tools\Binn\;C:\Program Files\nodejs\;C:\Users\Aluno\AppData\Local\Programs\Python\Python310\Scripts\;C:\Users\Aluno\AppData\Local\Programs\Python\Python310\;C:\Users\Aluno\AppData\Local\Microsoft\WindowsApps;C:\Users\Aluno\AppData\Local\Programs\Microsoft VS Code\bin;C:\Users\Aluno\.dotnet\tools;C:\Users\Aluno\AppData\Local\Programs\Git\cmd;C:\Users\Aluno\AppData\Roaming\npm
USERNAME=Aluno
OS=Windows_NT
PROCESSOR_IDENTIFIER=AMD64 Family 21 Model 48 Stepping 1, AuthenticAMD



---------------  S Y S T E M  ---------------

OS: Windows 10 , 64 bit Build 19041 (10.0.19041.3393)

CPU:total 4 (initial active 4) (4 cores per cpu, 1 threads per core) family 21 model 48 stepping 1, cmov, cx8, fxsr, mmx, sse, sse2, sse3, ssse3, sse4.1, sse4.2, popcnt, avx, aes, clmul, mmxext, 3dnowpref, lzcnt, sse4a, tsc, tscinvbit, tscinv, bmi1

Memory: 4k page, physical 7321416k(1727916k free), swap 7321416k(147484k free)

vm_info: Java HotSpot(TM) 64-Bit Server VM (25.371-b11) for windows-amd64 JRE (1.8.0_371-b11), built on Mar 17 2023 04:03:45 by "java_re" with MS VC++ 17.1 (VS2022)

time: Tue Oct 10 19:13:04 2023
timezone: Hora oficial do Brasil
elapsed time: 0.566836 seconds (0d 0h 0m 0s)

